<?xml version="1.0" encoding="UTF-8"?>
<!-- Generated by org.testng.reporters.JUnitReportReporter -->
<testsuite skipped="0" hostname="MU-STAFF-R6" name="framework.Scenario3" tests="1" failures="0" timestamp="11 Aug 2020 04:40:35 GMT" time="86.407" errors="0">
  <testcase name="ContactstoOrganization" time="86.407" classname="framework.Scenario3"/>
</testsuite> <!-- framework.Scenario3 -->
