<?xml version="1.0" encoding="UTF-8"?>
<!-- Generated by org.testng.reporters.JUnitReportReporter -->
<testsuite skipped="0" hostname="MU-STAFF-R6" name="framework.Scenario1" tests="1" failures="0" timestamp="10 Aug 2020 14:16:55 GMT" time="99.718" errors="0">
  <testcase name="addOrganization" time="99.718" classname="framework.Scenario1"/>
</testsuite> <!-- framework.Scenario1 -->
