<?xml version="1.0" encoding="UTF-8"?>
<!-- Generated by org.testng.reporters.JUnitReportReporter -->
<testsuite skipped="0" hostname="MU-STAFF-R6" name="popups.FileUpload" tests="1" failures="0" timestamp="31 Jul 2020 06:24:34 GMT" time="44.408" errors="0">
  <testcase name="popup" time="44.408" classname="popups.FileUpload"/>
</testsuite> <!-- popups.FileUpload -->
